[18:35:20] [main/INFO] [REI] Registered plugin provider DefaultPlugin [roughlyenoughitems] for REIPlugin
[18:35:20] [main/INFO] [REI] Registered plugin provider DefaultRuntimePlugin [roughlyenoughitems] for REIPlugin
[18:35:20] [main/INFO] [REI] Registered plugin provider DefaultPlugin [roughlyenoughitems] for REIServerPlugin
[18:35:20] [main/INFO] [REI] Registered plugin provider DefaultRuntimePlugin [roughlyenoughitems] for REIServerPlugin
[18:35:20] [main/INFO] [REI] Registered plugin provider FabricFluidAPISupportPlugin for REIServerPlugin
[18:35:20] [main/INFO] [REI] Registered plugin provider FabricFluidAPISupportPlugin for REIPlugin
[18:35:22] [Worker-Main-7/DEBUG] [REI] Processed 1 tags in 2.817 ms for minecraft:painting_variant
[18:35:22] [Worker-Main-21/DEBUG] [REI] Processed 5 tags in 2.251 ms for minecraft:enchantment
[18:35:22] [Worker-Main-16/DEBUG] [REI] Processed 5 tags in 2.139 ms for minecraft:game_event
[18:35:22] [Worker-Main-22/DEBUG] [REI] Processed 23 tags in 2.105 ms for minecraft:entity_type
[18:35:22] [Worker-Main-18/DEBUG] [REI] Processed 10 tags in 2.332 ms for minecraft:fluid
[18:35:22] [Worker-Main-6/DEBUG] [REI] Processed 0 tags in 6.000 μs for minecraft:worldgen/world_preset[18:35:22] [Worker-Main-14/DEBUG] [REI] Processed 0 tags in 5.800 μs for minecraft:worldgen/structure

[18:35:22] [Worker-Main-13/DEBUG] [REI] Processed 0 tags in 20.90 μs for minecraft:worldgen/flat_level_generator_preset
[18:35:22] [Worker-Main-10/DEBUG] [REI] Processed 0 tags in 3.000 μs for minecraft:dimension_type
[18:35:22] [Worker-Main-9/DEBUG] [REI] Processed 4 tags in 19.90 μs for minecraft:point_of_interest_type
[18:35:22] [Worker-Main-8/DEBUG] [REI] Processed 0 tags in 35.10 μs for minecraft:worldgen/biome
[18:35:22] [Worker-Main-10/DEBUG] [REI] Processed 3 tags in 49.90 μs for minecraft:instrument
[18:35:22] [Worker-Main-6/DEBUG] [REI] Processed 7 tags in 61.90 μs for minecraft:banner_pattern
[18:35:22] [Worker-Main-17/DEBUG] [REI] Processed 2 tags in 21.40 μs for minecraft:cat_variant
[18:35:22] [Worker-Main-20/DEBUG] [REI] Processed 556 tags in 2.196 ms for minecraft:block
[18:35:22] [Worker-Main-23/DEBUG] [REI] Processed 760 tags in 1.793 ms for minecraft:item
[18:35:23] [main/TRACE] [REI] [START] Reloading Section: "pre-register/"
[18:35:23] [main/TRACE] [REI] [START] Reloading Section: "pre-register/DefaultPlugin of DefaultPlugin [roughlyenoughitems]/"
[18:35:23] [main/TRACE] [REI] [START] Reloading Section: "pre-register/DefaultPlugin of DefaultPlugin [roughlyenoughitems]/" done in 3.008 ms
[18:35:23] [main/TRACE] [REI] [START] Reloading Section: "pre-register/FabricFluidAPISupportPlugin/"
[18:35:23] [main/TRACE] [REI] [START] Reloading Section: "pre-register/FabricFluidAPISupportPlugin/" done in 12.70 μs
[18:35:23] [main/TRACE] [REI] [START] Reloading Section: "pre-register/DefaultRuntimePlugin of DefaultRuntimePlugin [roughlyenoughitems]/"
[18:35:23] [main/TRACE] [REI] [START] Reloading Section: "pre-register/DefaultRuntimePlugin of DefaultRuntimePlugin [roughlyenoughitems]/" done in 7.600 μs
[18:35:23] [main/TRACE] [REI] [START] Reloading Section: "pre-register/" done in 33.97 ms
[18:35:23] [main/TRACE] [REI] [START] Reloading Section: "pre-register/"
[18:35:23] [main/TRACE] [REI] [START] Reloading Section: "pre-register/DefaultPlugin of DefaultPlugin [roughlyenoughitems]/"
[18:35:23] [main/TRACE] [REI] [START] Reloading Section: "pre-register/DefaultPlugin of DefaultPlugin [roughlyenoughitems]/" done in 7.100 μs
[18:35:23] [main/TRACE] [REI] [START] Reloading Section: "pre-register/FabricFluidAPISupportPlugin/"
[18:35:23] [main/TRACE] [REI] [START] Reloading Section: "pre-register/FabricFluidAPISupportPlugin/" done in 7.500 μs
[18:35:23] [main/TRACE] [REI] [START] Reloading Section: "pre-register/DefaultRuntimePlugin of DefaultRuntimePlugin [roughlyenoughitems]/"
[18:35:23] [main/TRACE] [REI] [START] Reloading Section: "pre-register/DefaultRuntimePlugin of DefaultRuntimePlugin [roughlyenoughitems]/" done in 6.600 μs
[18:35:23] [main/TRACE] [REI] [START] Reloading Section: "pre-register/" done in 554.6 μs
[18:35:23] [main/TRACE] [REI] [START] Reloading Section: "start-reload/"
[18:35:23] [main/TRACE] [REI] [START] Reloading Section: "start-reload/EntryTypeRegistryImpl/"
[18:35:23] [main/TRACE] [REI] [START] Reloading Section: "start-reload/EntryTypeRegistryImpl/" done in 672.3 μs
[18:35:23] [main/TRACE] [REI] [START] Reloading Section: "start-reload/EntrySettingsAdapterRegistryImpl/"
[18:35:23] [main/TRACE] [REI] [START] Reloading Section: "start-reload/EntrySettingsAdapterRegistryImpl/" done in 5.600 μs
[18:35:23] [main/TRACE] [REI] [START] Reloading Section: "start-reload/RecipeManagerContextImpl/"
[18:35:23] [main/TRACE] [REI] [START] Reloading Section: "start-reload/RecipeManagerContextImpl/" done in 3.600 μs
[18:35:23] [main/TRACE] [REI] [START] Reloading Section: "start-reload/ItemComparatorRegistryImpl/"
[18:35:23] [main/TRACE] [REI] [START] Reloading Section: "start-reload/ItemComparatorRegistryImpl/" done in 14.30 μs
[18:35:23] [main/TRACE] [REI] [START] Reloading Section: "start-reload/FluidComparatorRegistryImpl/"
[18:35:23] [main/TRACE] [REI] [START] Reloading Section: "start-reload/FluidComparatorRegistryImpl/" done in 4.700 μs
[18:35:23] [main/TRACE] [REI] [START] Reloading Section: "start-reload/DisplaySerializerRegistryImpl/"
[18:35:23] [main/TRACE] [REI] [START] Reloading Section: "start-reload/DisplaySerializerRegistryImpl/" done in 3.300 μs
[18:35:23] [main/TRACE] [REI] [START] Reloading Section: "start-reload/FluidSupportProviderImpl/"
[18:35:23] [main/TRACE] [REI] [START] Reloading Section: "start-reload/FluidSupportProviderImpl/" done in 8.600 μs
[18:35:23] [main/TRACE] [REI] [START] Reloading Section: "start-reload/" done in 1.321 ms
[18:35:23] [main/INFO] [REI] Reloading Plugin Manager [REIPlugin] stage [START], registered 3 plugins: DefaultRuntimePlugin of DefaultRuntimePlugin [roughlyenoughitems], FabricFluidAPISupportPlugin, DefaultPlugin of DefaultPlugin [roughlyenoughitems]
[18:35:23] [main/TRACE] [REI] [START] Reloading Section: "reloadable-plugin/EntryTypeRegistryImpl/"
[18:35:23] [main/TRACE] [REI] [START] Reloading Section: "reloadable-plugin/EntryTypeRegistryImpl/DefaultPlugin of DefaultPlugin [roughlyenoughitems]/"
[18:35:23] [main/TRACE] [REI] [START] Reloading Section: "reloadable-plugin/EntryTypeRegistryImpl/DefaultPlugin of DefaultPlugin [roughlyenoughitems]/" done in 586.2 μs
[18:35:23] [main/TRACE] [REI] [START] Reloading Section: "reloadable-plugin/EntryTypeRegistryImpl/FabricFluidAPISupportPlugin/"
[18:35:23] [main/TRACE] [REI] [START] Reloading Section: "reloadable-plugin/EntryTypeRegistryImpl/FabricFluidAPISupportPlugin/" done in 7.200 μs
[18:35:23] [main/TRACE] [REI] [START] Reloading Section: "reloadable-plugin/EntryTypeRegistryImpl/DefaultRuntimePlugin of DefaultRuntimePlugin [roughlyenoughitems]/"
[18:35:23] [main/TRACE] [REI] [START] Reloading Section: "reloadable-plugin/EntryTypeRegistryImpl/DefaultRuntimePlugin of DefaultRuntimePlugin [roughlyenoughitems]/" done in 14.31 ms
[18:35:23] [main/TRACE] [REI] [START] Reloading Section: "reloadable-plugin/EntryTypeRegistryImpl/" done in 16.49 ms
[18:35:23] [main/TRACE] [REI] [START] Reloading Section: "reloadable-plugin/EntrySettingsAdapterRegistryImpl/"
[18:35:23] [main/TRACE] [REI] [START] Reloading Section: "reloadable-plugin/EntrySettingsAdapterRegistryImpl/DefaultPlugin of DefaultPlugin [roughlyenoughitems]/"
[18:35:23] [main/TRACE] [REI] [START] Reloading Section: "reloadable-plugin/EntrySettingsAdapterRegistryImpl/DefaultPlugin of DefaultPlugin [roughlyenoughitems]/" done in 9.200 μs
[18:35:23] [main/TRACE] [REI] [START] Reloading Section: "reloadable-plugin/EntrySettingsAdapterRegistryImpl/FabricFluidAPISupportPlugin/"
[18:35:23] [main/TRACE] [REI] [START] Reloading Section: "reloadable-plugin/EntrySettingsAdapterRegistryImpl/FabricFluidAPISupportPlugin/" done in 6.000 μs
[18:35:23] [main/TRACE] [REI] [START] Reloading Section: "reloadable-plugin/EntrySettingsAdapterRegistryImpl/DefaultRuntimePlugin of DefaultRuntimePlugin [roughlyenoughitems]/"
[18:35:23] [main/TRACE] [REI] [START] Reloading Section: "reloadable-plugin/EntrySettingsAdapterRegistryImpl/DefaultRuntimePlugin of DefaultRuntimePlugin [roughlyenoughitems]/" done in 10.70 μs
[18:35:23] [main/TRACE] [REI] [START] Reloading Section: "reloadable-plugin/EntrySettingsAdapterRegistryImpl/" done in 714.9 μs
[18:35:23] [main/TRACE] [REI] [START] Reloading Section: "reloadable-plugin/RecipeManagerContextImpl/"
[18:35:23] [main/TRACE] [REI] [START] Reloading Section: "reloadable-plugin/RecipeManagerContextImpl/DefaultPlugin of DefaultPlugin [roughlyenoughitems]/"
[18:35:23] [main/TRACE] [REI] [START] Reloading Section: "reloadable-plugin/RecipeManagerContextImpl/DefaultPlugin of DefaultPlugin [roughlyenoughitems]/" done in 5.400 μs
[18:35:23] [main/TRACE] [REI] [START] Reloading Section: "reloadable-plugin/RecipeManagerContextImpl/FabricFluidAPISupportPlugin/"
[18:35:23] [main/TRACE] [REI] [START] Reloading Section: "reloadable-plugin/RecipeManagerContextImpl/FabricFluidAPISupportPlugin/" done in 5.400 μs
[18:35:23] [main/TRACE] [REI] [START] Reloading Section: "reloadable-plugin/RecipeManagerContextImpl/DefaultRuntimePlugin of DefaultRuntimePlugin [roughlyenoughitems]/"
[18:35:23] [main/TRACE] [REI] [START] Reloading Section: "reloadable-plugin/RecipeManagerContextImpl/DefaultRuntimePlugin of DefaultRuntimePlugin [roughlyenoughitems]/" done in 5.800 μs
[18:35:23] [main/TRACE] [REI] [START] Reloading Section: "reloadable-plugin/RecipeManagerContextImpl/" done in 282.2 μs
[18:35:23] [main/TRACE] [REI] [START] Reloading Section: "reloadable-plugin/ItemComparatorRegistryImpl/"
[18:35:23] [main/TRACE] [REI] [START] Reloading Section: "reloadable-plugin/ItemComparatorRegistryImpl/DefaultPlugin of DefaultPlugin [roughlyenoughitems]/"
[18:35:23] [main/TRACE] [REI] [START] Reloading Section: "reloadable-plugin/ItemComparatorRegistryImpl/DefaultPlugin of DefaultPlugin [roughlyenoughitems]/" done in 1.343 ms
[18:35:23] [main/TRACE] [REI] [START] Reloading Section: "reloadable-plugin/ItemComparatorRegistryImpl/FabricFluidAPISupportPlugin/"
[18:35:23] [main/TRACE] [REI] [START] Reloading Section: "reloadable-plugin/ItemComparatorRegistryImpl/FabricFluidAPISupportPlugin/" done in 8.600 μs
[18:35:23] [main/TRACE] [REI] [START] Reloading Section: "reloadable-plugin/ItemComparatorRegistryImpl/DefaultRuntimePlugin of DefaultRuntimePlugin [roughlyenoughitems]/"
[18:35:23] [main/TRACE] [REI] [START] Reloading Section: "reloadable-plugin/ItemComparatorRegistryImpl/DefaultRuntimePlugin of DefaultRuntimePlugin [roughlyenoughitems]/" done in 5.900 μs
[18:35:23] [main/TRACE] [REI] [START] Reloading Section: "reloadable-plugin/ItemComparatorRegistryImpl/" done in 1.655 ms
[18:35:23] [main/TRACE] [REI] [START] Reloading Section: "reloadable-plugin/FluidComparatorRegistryImpl/"
[18:35:23] [main/TRACE] [REI] [START] Reloading Section: "reloadable-plugin/FluidComparatorRegistryImpl/DefaultPlugin of DefaultPlugin [roughlyenoughitems]/"
[18:35:23] [main/TRACE] [REI] [START] Reloading Section: "reloadable-plugin/FluidComparatorRegistryImpl/DefaultPlugin of DefaultPlugin [roughlyenoughitems]/" done in 8.200 μs
[18:35:23] [main/TRACE] [REI] [START] Reloading Section: "reloadable-plugin/FluidComparatorRegistryImpl/FabricFluidAPISupportPlugin/"
[18:35:23] [main/TRACE] [REI] [START] Reloading Section: "reloadable-plugin/FluidComparatorRegistryImpl/FabricFluidAPISupportPlugin/" done in 5.100 μs
[18:35:23] [main/TRACE] [REI] [START] Reloading Section: "reloadable-plugin/FluidComparatorRegistryImpl/DefaultRuntimePlugin of DefaultRuntimePlugin [roughlyenoughitems]/"
[18:35:23] [main/TRACE] [REI] [START] Reloading Section: "reloadable-plugin/FluidComparatorRegistryImpl/DefaultRuntimePlugin of DefaultRuntimePlugin [roughlyenoughitems]/" done in 4.900 μs
[18:35:23] [main/TRACE] [REI] [START] Reloading Section: "reloadable-plugin/FluidComparatorRegistryImpl/" done in 215.5 μs
[18:35:23] [main/TRACE] [REI] [START] Reloading Section: "reloadable-plugin/DisplaySerializerRegistryImpl/"
[18:35:23] [main/TRACE] [REI] [START] Reloading Section: "reloadable-plugin/DisplaySerializerRegistryImpl/DefaultPlugin of DefaultPlugin [roughlyenoughitems]/"
[18:35:23] [main/TRACE] [REI] [START] Reloading Section: "reloadable-plugin/DisplaySerializerRegistryImpl/DefaultPlugin of DefaultPlugin [roughlyenoughitems]/" done in 4.600 μs
[18:35:23] [main/TRACE] [REI] [START] Reloading Section: "reloadable-plugin/DisplaySerializerRegistryImpl/FabricFluidAPISupportPlugin/"
[18:35:23] [main/TRACE] [REI] [START] Reloading Section: "reloadable-plugin/DisplaySerializerRegistryImpl/FabricFluidAPISupportPlugin/" done in 4.800 μs
[18:35:23] [main/TRACE] [REI] [START] Reloading Section: "reloadable-plugin/DisplaySerializerRegistryImpl/DefaultRuntimePlugin of DefaultRuntimePlugin [roughlyenoughitems]/"
[18:35:23] [main/TRACE] [REI] [START] Reloading Section: "reloadable-plugin/DisplaySerializerRegistryImpl/DefaultRuntimePlugin of DefaultRuntimePlugin [roughlyenoughitems]/" done in 4.800 μs
[18:35:23] [main/TRACE] [REI] [START] Reloading Section: "reloadable-plugin/DisplaySerializerRegistryImpl/" done in 226.0 μs
[18:35:23] [main/TRACE] [REI] [START] Reloading Section: "reloadable-plugin/FluidSupportProviderImpl/"
[18:35:23] [main/TRACE] [REI] [START] Reloading Section: "reloadable-plugin/FluidSupportProviderImpl/DefaultPlugin of DefaultPlugin [roughlyenoughitems]/"
[18:35:23] [main/TRACE] [REI] [START] Reloading Section: "reloadable-plugin/FluidSupportProviderImpl/DefaultPlugin of DefaultPlugin [roughlyenoughitems]/" done in 621.7 μs
[18:35:23] [main/TRACE] [REI] [START] Reloading Section: "reloadable-plugin/FluidSupportProviderImpl/FabricFluidAPISupportPlugin/"
[18:35:23] [main/TRACE] [REI] [START] Reloading Section: "reloadable-plugin/FluidSupportProviderImpl/FabricFluidAPISupportPlugin/" done in 183.0 μs
[18:35:23] [main/TRACE] [REI] [START] Reloading Section: "reloadable-plugin/FluidSupportProviderImpl/DefaultRuntimePlugin of DefaultRuntimePlugin [roughlyenoughitems]/"
[18:35:23] [main/TRACE] [REI] [START] Reloading Section: "reloadable-plugin/FluidSupportProviderImpl/DefaultRuntimePlugin of DefaultRuntimePlugin [roughlyenoughitems]/" done in 7.900 μs
[18:35:23] [main/TRACE] [REI] [START] Reloading Section: "reloadable-plugin/FluidSupportProviderImpl/" done in 1.103 ms
[18:35:23] [main/TRACE] [REI] [START] Reloading Section: "end-reload/"
[18:35:23] [main/TRACE] [REI] [START] Reloading Section: "end-reload/EntryTypeRegistryImpl/"
[18:35:23] [main/TRACE] [REI] [START] Reloading Section: "end-reload/EntryTypeRegistryImpl/" done in 9.300 μs
[18:35:23] [main/TRACE] [REI] [START] Reloading Section: "end-reload/EntrySettingsAdapterRegistryImpl/"
[18:35:23] [main/TRACE] [REI] [START] Reloading Section: "end-reload/EntrySettingsAdapterRegistryImpl/" done in 4.100 μs
[18:35:23] [main/TRACE] [REI] [START] Reloading Section: "end-reload/RecipeManagerContextImpl/"
[18:35:23] [main/TRACE] [REI] [START] Reloading Section: "end-reload/RecipeManagerContextImpl/" done in 4.900 μs
[18:35:23] [main/TRACE] [REI] [START] Reloading Section: "end-reload/ItemComparatorRegistryImpl/"
[18:35:23] [main/TRACE] [REI] [START] Reloading Section: "end-reload/ItemComparatorRegistryImpl/" done in 4.600 μs
[18:35:23] [main/TRACE] [REI] [START] Reloading Section: "end-reload/FluidComparatorRegistryImpl/"
[18:35:23] [main/TRACE] [REI] [START] Reloading Section: "end-reload/FluidComparatorRegistryImpl/" done in 3.100 μs
[18:35:23] [main/TRACE] [REI] [START] Reloading Section: "end-reload/DisplaySerializerRegistryImpl/"
[18:35:23] [main/TRACE] [REI] [START] Reloading Section: "end-reload/DisplaySerializerRegistryImpl/" done in 3.300 μs
[18:35:23] [main/TRACE] [REI] [START] Reloading Section: "end-reload/FluidSupportProviderImpl/"
[18:35:23] [main/TRACE] [REI] [START] Reloading Section: "end-reload/FluidSupportProviderImpl/" done in 3.600 μs
[18:35:23] [main/TRACE] [REI] [START] Reloading Section: "end-reload/" done in 600.7 μs
[18:35:23] [main/TRACE] [REI] [START] Reloading Section: "start-reload/"
[18:35:23] [main/TRACE] [REI] [START] Reloading Section: "start-reload/MenuInfoRegistryImpl/"
[18:35:23] [main/TRACE] [REI] [START] Reloading Section: "start-reload/MenuInfoRegistryImpl/" done in 5.700 μs
[18:35:23] [main/TRACE] [REI] [START] Reloading Section: "start-reload/" done in 119.8 μs
[18:35:23] [main/INFO] [REI] Reloading Plugin Manager [REIServerPlugin] stage [START], registered 3 plugins: DefaultRuntimePlugin of DefaultRuntimePlugin [roughlyenoughitems], FabricFluidAPISupportPlugin, DefaultPlugin of DefaultPlugin [roughlyenoughitems]
[18:35:23] [main/TRACE] [REI] [START] Reloading Section: "reloadable-plugin/MenuInfoRegistryImpl/"
[18:35:23] [main/TRACE] [REI] [START] Reloading Section: "reloadable-plugin/MenuInfoRegistryImpl/DefaultPlugin of DefaultPlugin [roughlyenoughitems]/"
[18:35:23] [main/TRACE] [REI] [START] Reloading Section: "reloadable-plugin/MenuInfoRegistryImpl/DefaultPlugin of DefaultPlugin [roughlyenoughitems]/" done in 7.100 μs
[18:35:23] [main/TRACE] [REI] [START] Reloading Section: "reloadable-plugin/MenuInfoRegistryImpl/FabricFluidAPISupportPlugin/"
[18:35:23] [main/TRACE] [REI] [START] Reloading Section: "reloadable-plugin/MenuInfoRegistryImpl/FabricFluidAPISupportPlugin/" done in 4.800 μs
[18:35:23] [main/TRACE] [REI] [START] Reloading Section: "reloadable-plugin/MenuInfoRegistryImpl/DefaultRuntimePlugin of DefaultRuntimePlugin [roughlyenoughitems]/"
[18:35:23] [main/TRACE] [REI] [START] Reloading Section: "reloadable-plugin/MenuInfoRegistryImpl/DefaultRuntimePlugin of DefaultRuntimePlugin [roughlyenoughitems]/" done in 4.300 μs
[18:35:23] [main/TRACE] [REI] [START] Reloading Section: "reloadable-plugin/MenuInfoRegistryImpl/" done in 215.9 μs
[18:35:23] [main/TRACE] [REI] [START] Reloading Section: "end-reload/"
[18:35:23] [main/TRACE] [REI] [START] Reloading Section: "end-reload/MenuInfoRegistryImpl/"
[18:35:23] [main/TRACE] [REI] [START] Reloading Section: "end-reload/MenuInfoRegistryImpl/" done in 3.600 μs
[18:35:23] [main/TRACE] [REI] [START] Reloading Section: "end-reload/" done in 53.10 μs
[18:35:23] [main/TRACE] [REI] [START] Reloading Section: "post-register/"
[18:35:23] [main/TRACE] [REI] [START] Reloading Section: "post-register/DefaultPlugin of DefaultPlugin [roughlyenoughitems]/"
[18:35:23] [main/TRACE] [REI] [START] Reloading Section: "post-register/DefaultPlugin of DefaultPlugin [roughlyenoughitems]/" done in 467.9 μs
[18:35:23] [main/TRACE] [REI] [START] Reloading Section: "post-register/FabricFluidAPISupportPlugin/"
[18:35:23] [main/TRACE] [REI] [START] Reloading Section: "post-register/FabricFluidAPISupportPlugin/" done in 6.200 μs
[18:35:23] [main/TRACE] [REI] [START] Reloading Section: "post-register/DefaultRuntimePlugin of DefaultRuntimePlugin [roughlyenoughitems]/"
[18:35:23] [main/TRACE] [REI] [START] Reloading Section: "post-register/DefaultRuntimePlugin of DefaultRuntimePlugin [roughlyenoughitems]/" done in 3.900 μs
[18:35:23] [main/TRACE] [REI] [START] Reloading Section: "post-register/" done in 1.338 ms
[18:35:23] [main/INFO] [REI] Reloaded Plugin Manager [REIPlugin] with 3 plugins in 69.74 ms.
[18:35:23] [main/TRACE] [REI] [START] Reloading Section: "post-register/"
[18:35:23] [main/TRACE] [REI] [START] Reloading Section: "post-register/DefaultPlugin of DefaultPlugin [roughlyenoughitems]/"
[18:35:23] [main/TRACE] [REI] [START] Reloading Section: "post-register/DefaultPlugin of DefaultPlugin [roughlyenoughitems]/" done in 5.800 μs
[18:35:23] [main/TRACE] [REI] [START] Reloading Section: "post-register/FabricFluidAPISupportPlugin/"
[18:35:23] [main/TRACE] [REI] [START] Reloading Section: "post-register/FabricFluidAPISupportPlugin/" done in 4.700 μs
[18:35:23] [main/TRACE] [REI] [START] Reloading Section: "post-register/DefaultRuntimePlugin of DefaultRuntimePlugin [roughlyenoughitems]/"
[18:35:23] [main/TRACE] [REI] [START] Reloading Section: "post-register/DefaultRuntimePlugin of DefaultRuntimePlugin [roughlyenoughitems]/" done in 3.800 μs
[18:35:23] [main/TRACE] [REI] [START] Reloading Section: "post-register/" done in 204.6 μs
[18:35:23] [main/INFO] [REI] Reloaded Plugin Manager [REIServerPlugin] with 3 plugins in 2.125 ms.
[18:35:23] [main/TRACE] [REI] [END] Reloading Section: "pre-register/"
[18:35:23] [main/TRACE] [REI] [END] Reloading Section: "pre-register/DefaultPlugin of DefaultPlugin [roughlyenoughitems]/"
[18:35:23] [main/TRACE] [REI] [END] Reloading Section: "pre-register/DefaultPlugin of DefaultPlugin [roughlyenoughitems]/" done in 6.800 μs
[18:35:23] [main/TRACE] [REI] [END] Reloading Section: "pre-register/FabricFluidAPISupportPlugin/"
[18:35:23] [main/TRACE] [REI] [END] Reloading Section: "pre-register/FabricFluidAPISupportPlugin/" done in 5.900 μs
[18:35:23] [main/TRACE] [REI] [END] Reloading Section: "pre-register/DefaultRuntimePlugin of DefaultRuntimePlugin [roughlyenoughitems]/"
[18:35:23] [main/TRACE] [REI] [END] Reloading Section: "pre-register/DefaultRuntimePlugin of DefaultRuntimePlugin [roughlyenoughitems]/" done in 3.700 μs
[18:35:23] [main/TRACE] [REI] [END] Reloading Section: "pre-register/" done in 291.4 μs
[18:35:23] [main/TRACE] [REI] [END] Reloading Section: "pre-register/"
[18:35:23] [main/TRACE] [REI] [END] Reloading Section: "pre-register/DefaultPlugin of DefaultPlugin [roughlyenoughitems]/"
[18:35:23] [main/TRACE] [REI] [END] Reloading Section: "pre-register/DefaultPlugin of DefaultPlugin [roughlyenoughitems]/" done in 3.700 μs
[18:35:23] [main/TRACE] [REI] [END] Reloading Section: "pre-register/FabricFluidAPISupportPlugin/"
[18:35:23] [main/TRACE] [REI] [END] Reloading Section: "pre-register/FabricFluidAPISupportPlugin/" done in 11.90 μs
[18:35:23] [main/TRACE] [REI] [END] Reloading Section: "pre-register/DefaultRuntimePlugin of DefaultRuntimePlugin [roughlyenoughitems]/"
[18:35:23] [main/TRACE] [REI] [END] Reloading Section: "pre-register/DefaultRuntimePlugin of DefaultRuntimePlugin [roughlyenoughitems]/" done in 3.200 μs
[18:35:23] [main/TRACE] [REI] [END] Reloading Section: "pre-register/" done in 164.3 μs
[18:35:23] [main/TRACE] [REI] [END] Reloading Section: "start-reload/"
[18:35:23] [main/TRACE] [REI] [END] Reloading Section: "start-reload/EntryTypeRegistryImpl/"
[18:35:23] [main/TRACE] [REI] [END] Reloading Section: "start-reload/EntryTypeRegistryImpl/" done in 3.400 μs
[18:35:23] [main/TRACE] [REI] [END] Reloading Section: "start-reload/EntrySettingsAdapterRegistryImpl/"
[18:35:23] [main/TRACE] [REI] [END] Reloading Section: "start-reload/EntrySettingsAdapterRegistryImpl/" done in 10.90 μs
[18:35:23] [main/TRACE] [REI] [END] Reloading Section: "start-reload/RecipeManagerContextImpl/"
[18:35:23] [main/TRACE] [REI] [END] Reloading Section: "start-reload/RecipeManagerContextImpl/" done in 3.600 μs
[18:35:23] [main/TRACE] [REI] [END] Reloading Section: "start-reload/ItemComparatorRegistryImpl/"
[18:35:23] [main/TRACE] [REI] [END] Reloading Section: "start-reload/ItemComparatorRegistryImpl/" done in 3.200 μs
[18:35:23] [main/TRACE] [REI] [END] Reloading Section: "start-reload/FluidComparatorRegistryImpl/"
[18:35:23] [main/TRACE] [REI] [END] Reloading Section: "start-reload/FluidComparatorRegistryImpl/" done in 2.600 μs
[18:35:23] [main/TRACE] [REI] [END] Reloading Section: "start-reload/DisplaySerializerRegistryImpl/"
[18:35:23] [main/TRACE] [REI] [END] Reloading Section: "start-reload/DisplaySerializerRegistryImpl/" done in 11.40 μs
[18:35:23] [main/TRACE] [REI] [END] Reloading Section: "start-reload/FluidSupportProviderImpl/"
[18:35:23] [main/TRACE] [REI] [END] Reloading Section: "start-reload/FluidSupportProviderImpl/" done in 3.300 μs
[18:35:23] [main/TRACE] [REI] [END] Reloading Section: "start-reload/" done in 432.5 μs
[18:35:23] [main/INFO] [REI] Reloading Plugin Manager [REIPlugin] stage [END], registered 3 plugins: DefaultRuntimePlugin of DefaultRuntimePlugin [roughlyenoughitems], FabricFluidAPISupportPlugin, DefaultPlugin of DefaultPlugin [roughlyenoughitems]
[18:35:23] [main/TRACE] [REI] [END] Reloading Section: "reloadable-plugin/EntryTypeRegistryImpl/"
[18:35:23] [main/TRACE] [REI] [END] Reloading Section: "reloadable-plugin/EntryTypeRegistryImpl/DefaultPlugin of DefaultPlugin [roughlyenoughitems]/"
[18:35:23] [main/TRACE] [REI] [END] Reloading Section: "reloadable-plugin/EntryTypeRegistryImpl/DefaultPlugin of DefaultPlugin [roughlyenoughitems]/" done in 6.700 μs
[18:35:23] [main/TRACE] [REI] [END] Reloading Section: "reloadable-plugin/EntryTypeRegistryImpl/FabricFluidAPISupportPlugin/"
[18:35:23] [main/TRACE] [REI] [END] Reloading Section: "reloadable-plugin/EntryTypeRegistryImpl/FabricFluidAPISupportPlugin/" done in 4.700 μs
[18:35:23] [main/TRACE] [REI] [END] Reloading Section: "reloadable-plugin/EntryTypeRegistryImpl/DefaultRuntimePlugin of DefaultRuntimePlugin [roughlyenoughitems]/"
[18:35:23] [main/TRACE] [REI] [END] Reloading Section: "reloadable-plugin/EntryTypeRegistryImpl/DefaultRuntimePlugin of DefaultRuntimePlugin [roughlyenoughitems]/" done in 4.400 μs
[18:35:23] [main/TRACE] [REI] [END] Reloading Section: "reloadable-plugin/EntryTypeRegistryImpl/" done in 202.3 μs
[18:35:23] [main/TRACE] [REI] [END] Reloading Section: "reloadable-plugin/EntrySettingsAdapterRegistryImpl/"
[18:35:23] [main/TRACE] [REI] [END] Reloading Section: "reloadable-plugin/EntrySettingsAdapterRegistryImpl/DefaultPlugin of DefaultPlugin [roughlyenoughitems]/"
[18:35:23] [main/TRACE] [REI] [END] Reloading Section: "reloadable-plugin/EntrySettingsAdapterRegistryImpl/DefaultPlugin of DefaultPlugin [roughlyenoughitems]/" done in 11.10 μs
[18:35:23] [main/TRACE] [REI] [END] Reloading Section: "reloadable-plugin/EntrySettingsAdapterRegistryImpl/FabricFluidAPISupportPlugin/"
[18:35:23] [main/TRACE] [REI] [END] Reloading Section: "reloadable-plugin/EntrySettingsAdapterRegistryImpl/FabricFluidAPISupportPlugin/" done in 4.500 μs
[18:35:23] [main/TRACE] [REI] [END] Reloading Section: "reloadable-plugin/EntrySettingsAdapterRegistryImpl/DefaultRuntimePlugin of DefaultRuntimePlugin [roughlyenoughitems]/"
[18:35:23] [main/TRACE] [REI] [END] Reloading Section: "reloadable-plugin/EntrySettingsAdapterRegistryImpl/DefaultRuntimePlugin of DefaultRuntimePlugin [roughlyenoughitems]/" done in 4.300 μs
[18:35:23] [main/TRACE] [REI] [END] Reloading Section: "reloadable-plugin/EntrySettingsAdapterRegistryImpl/" done in 155.7 μs
[18:35:23] [main/TRACE] [REI] [END] Reloading Section: "reloadable-plugin/RecipeManagerContextImpl/"
[18:35:23] [main/TRACE] [REI] [END] Reloading Section: "reloadable-plugin/RecipeManagerContextImpl/DefaultPlugin of DefaultPlugin [roughlyenoughitems]/"
[18:35:23] [main/TRACE] [REI] [END] Reloading Section: "reloadable-plugin/RecipeManagerContextImpl/DefaultPlugin of DefaultPlugin [roughlyenoughitems]/" done in 4.200 μs
[18:35:23] [main/TRACE] [REI] [END] Reloading Section: "reloadable-plugin/RecipeManagerContextImpl/FabricFluidAPISupportPlugin/"
[18:35:23] [main/TRACE] [REI] [END] Reloading Section: "reloadable-plugin/RecipeManagerContextImpl/FabricFluidAPISupportPlugin/" done in 4.100 μs
[18:35:23] [main/TRACE] [REI] [END] Reloading Section: "reloadable-plugin/RecipeManagerContextImpl/DefaultRuntimePlugin of DefaultRuntimePlugin [roughlyenoughitems]/"
[18:35:23] [main/TRACE] [REI] [END] Reloading Section: "reloadable-plugin/RecipeManagerContextImpl/DefaultRuntimePlugin of DefaultRuntimePlugin [roughlyenoughitems]/" done in 4.300 μs
[18:35:23] [main/TRACE] [REI] [END] Reloading Section: "reloadable-plugin/RecipeManagerContextImpl/" done in 143.5 μs
[18:35:23] [main/TRACE] [REI] [END] Reloading Section: "reloadable-plugin/ItemComparatorRegistryImpl/"
[18:35:23] [main/TRACE] [REI] [END] Reloading Section: "reloadable-plugin/ItemComparatorRegistryImpl/DefaultPlugin of DefaultPlugin [roughlyenoughitems]/"
[18:35:23] [main/TRACE] [REI] [END] Reloading Section: "reloadable-plugin/ItemComparatorRegistryImpl/DefaultPlugin of DefaultPlugin [roughlyenoughitems]/" done in 3.900 μs
[18:35:23] [main/TRACE] [REI] [END] Reloading Section: "reloadable-plugin/ItemComparatorRegistryImpl/FabricFluidAPISupportPlugin/"
[18:35:23] [main/TRACE] [REI] [END] Reloading Section: "reloadable-plugin/ItemComparatorRegistryImpl/FabricFluidAPISupportPlugin/" done in 4.100 μs
[18:35:23] [main/TRACE] [REI] [END] Reloading Section: "reloadable-plugin/ItemComparatorRegistryImpl/DefaultRuntimePlugin of DefaultRuntimePlugin [roughlyenoughitems]/"
[18:35:23] [main/TRACE] [REI] [END] Reloading Section: "reloadable-plugin/ItemComparatorRegistryImpl/DefaultRuntimePlugin of DefaultRuntimePlugin [roughlyenoughitems]/" done in 4.100 μs
[18:35:23] [main/TRACE] [REI] [END] Reloading Section: "reloadable-plugin/ItemComparatorRegistryImpl/" done in 159.9 μs
[18:35:23] [main/TRACE] [REI] [END] Reloading Section: "reloadable-plugin/FluidComparatorRegistryImpl/"
[18:35:23] [main/TRACE] [REI] [END] Reloading Section: "reloadable-plugin/FluidComparatorRegistryImpl/DefaultPlugin of DefaultPlugin [roughlyenoughitems]/"
[18:35:23] [main/TRACE] [REI] [END] Reloading Section: "reloadable-plugin/FluidComparatorRegistryImpl/DefaultPlugin of DefaultPlugin [roughlyenoughitems]/" done in 3.900 μs
[18:35:23] [main/TRACE] [REI] [END] Reloading Section: "reloadable-plugin/FluidComparatorRegistryImpl/FabricFluidAPISupportPlugin/"
[18:35:23] [main/TRACE] [REI] [END] Reloading Section: "reloadable-plugin/FluidComparatorRegistryImpl/FabricFluidAPISupportPlugin/" done in 4.000 μs
[18:35:23] [main/TRACE] [REI] [END] Reloading Section: "reloadable-plugin/FluidComparatorRegistryImpl/DefaultRuntimePlugin of DefaultRuntimePlugin [roughlyenoughitems]/"
[18:35:23] [main/TRACE] [REI] [END] Reloading Section: "reloadable-plugin/FluidComparatorRegistryImpl/DefaultRuntimePlugin of DefaultRuntimePlugin [roughlyenoughitems]/" done in 4.200 μs
[18:35:23] [main/TRACE] [REI] [END] Reloading Section: "reloadable-plugin/FluidComparatorRegistryImpl/" done in 152.3 μs
[18:35:23] [main/TRACE] [REI] [END] Reloading Section: "reloadable-plugin/DisplaySerializerRegistryImpl/"
[18:35:23] [main/TRACE] [REI] [END] Reloading Section: "reloadable-plugin/DisplaySerializerRegistryImpl/DefaultPlugin of DefaultPlugin [roughlyenoughitems]/"
[18:35:23] [main/TRACE] [REI] [END] Reloading Section: "reloadable-plugin/DisplaySerializerRegistryImpl/DefaultPlugin of DefaultPlugin [roughlyenoughitems]/" done in 25.61 ms
[18:35:23] [main/TRACE] [REI] [END] Reloading Section: "reloadable-plugin/DisplaySerializerRegistryImpl/FabricFluidAPISupportPlugin/"
[18:35:23] [main/TRACE] [REI] [END] Reloading Section: "reloadable-plugin/DisplaySerializerRegistryImpl/FabricFluidAPISupportPlugin/" done in 37.90 μs
[18:35:23] [main/TRACE] [REI] [END] Reloading Section: "reloadable-plugin/DisplaySerializerRegistryImpl/DefaultRuntimePlugin of DefaultRuntimePlugin [roughlyenoughitems]/"
[18:35:23] [main/TRACE] [REI] [END] Reloading Section: "reloadable-plugin/DisplaySerializerRegistryImpl/DefaultRuntimePlugin of DefaultRuntimePlugin [roughlyenoughitems]/" done in 9.600 μs
[18:35:23] [main/TRACE] [REI] [END] Reloading Section: "reloadable-plugin/DisplaySerializerRegistryImpl/" done in 26.25 ms
[18:35:23] [main/TRACE] [REI] [END] Reloading Section: "reloadable-plugin/FluidSupportProviderImpl/"
[18:35:23] [main/TRACE] [REI] [END] Reloading Section: "reloadable-plugin/FluidSupportProviderImpl/DefaultPlugin of DefaultPlugin [roughlyenoughitems]/"
[18:35:23] [main/TRACE] [REI] [END] Reloading Section: "reloadable-plugin/FluidSupportProviderImpl/DefaultPlugin of DefaultPlugin [roughlyenoughitems]/" done in 5.000 μs
[18:35:23] [main/TRACE] [REI] [END] Reloading Section: "reloadable-plugin/FluidSupportProviderImpl/FabricFluidAPISupportPlugin/"
[18:35:23] [main/TRACE] [REI] [END] Reloading Section: "reloadable-plugin/FluidSupportProviderImpl/FabricFluidAPISupportPlugin/" done in 4.400 μs
[18:35:23] [main/TRACE] [REI] [END] Reloading Section: "reloadable-plugin/FluidSupportProviderImpl/DefaultRuntimePlugin of DefaultRuntimePlugin [roughlyenoughitems]/"
[18:35:23] [main/TRACE] [REI] [END] Reloading Section: "reloadable-plugin/FluidSupportProviderImpl/DefaultRuntimePlugin of DefaultRuntimePlugin [roughlyenoughitems]/" done in 8.200 μs
[18:35:23] [main/TRACE] [REI] [END] Reloading Section: "reloadable-plugin/FluidSupportProviderImpl/" done in 316.7 μs
[18:35:23] [main/TRACE] [REI] [END] Reloading Section: "end-reload/"
[18:35:23] [main/TRACE] [REI] [END] Reloading Section: "end-reload/EntryTypeRegistryImpl/"
[18:35:23] [main/TRACE] [REI] [END] Reloading Section: "end-reload/EntryTypeRegistryImpl/" done in 4.700 μs
[18:35:23] [main/TRACE] [REI] [END] Reloading Section: "end-reload/EntrySettingsAdapterRegistryImpl/"
[18:35:23] [main/TRACE] [REI] [END] Reloading Section: "end-reload/EntrySettingsAdapterRegistryImpl/" done in 5.900 μs
[18:35:23] [main/TRACE] [REI] [END] Reloading Section: "end-reload/RecipeManagerContextImpl/"
[18:35:23] [main/TRACE] [REI] [END] Reloading Section: "end-reload/RecipeManagerContextImpl/" done in 3.700 μs
[18:35:23] [main/TRACE] [REI] [END] Reloading Section: "end-reload/ItemComparatorRegistryImpl/"
[18:35:23] [main/TRACE] [REI] [END] Reloading Section: "end-reload/ItemComparatorRegistryImpl/" done in 2.700 μs
[18:35:23] [main/TRACE] [REI] [END] Reloading Section: "end-reload/FluidComparatorRegistryImpl/"
[18:35:23] [main/TRACE] [REI] [END] Reloading Section: "end-reload/FluidComparatorRegistryImpl/" done in 3.800 μs
[18:35:23] [main/TRACE] [REI] [END] Reloading Section: "end-reload/DisplaySerializerRegistryImpl/"
[18:35:23] [main/TRACE] [REI] [END] Reloading Section: "end-reload/DisplaySerializerRegistryImpl/" done in 2.200 μs
[18:35:23] [main/TRACE] [REI] [END] Reloading Section: "end-reload/FluidSupportProviderImpl/"
[18:35:23] [main/TRACE] [REI] [END] Reloading Section: "end-reload/FluidSupportProviderImpl/" done in 2.100 μs
[18:35:23] [main/TRACE] [REI] [END] Reloading Section: "end-reload/" done in 698.5 μs
[18:35:23] [main/TRACE] [REI] [END] Reloading Section: "start-reload/"
[18:35:23] [main/TRACE] [REI] [END] Reloading Section: "start-reload/MenuInfoRegistryImpl/"
[18:35:23] [main/TRACE] [REI] [END] Reloading Section: "start-reload/MenuInfoRegistryImpl/" done in 10.70 μs
[18:35:23] [main/TRACE] [REI] [END] Reloading Section: "start-reload/" done in 40.90 μs
[18:35:23] [main/INFO] [REI] Reloading Plugin Manager [REIServerPlugin] stage [END], registered 3 plugins: DefaultRuntimePlugin of DefaultRuntimePlugin [roughlyenoughitems], FabricFluidAPISupportPlugin, DefaultPlugin of DefaultPlugin [roughlyenoughitems]
[18:35:23] [main/TRACE] [REI] [END] Reloading Section: "reloadable-plugin/MenuInfoRegistryImpl/"
[18:35:23] [main/TRACE] [REI] [END] Reloading Section: "reloadable-plugin/MenuInfoRegistryImpl/DefaultPlugin of DefaultPlugin [roughlyenoughitems]/"
[18:35:23] [main/DEBUG] [REI] Added menu info for class net.minecraft.class_1714 [minecraft:plugins/crafting]: me.shedaniel.rei.api.common.transfer.info.simple.SimpleMenuInfoProvider$$Lambda$10162/0x0000000801bc1c40@68332e29
[18:35:23] [main/DEBUG] [REI] Added menu info for class net.minecraft.class_1723 [minecraft:plugins/crafting]: me.shedaniel.rei.api.common.transfer.info.simple.SimpleMenuInfoProvider$$Lambda$10162/0x0000000801bc1c40@6d31a0b6
[18:35:23] [main/DEBUG] [REI] Added menu info for class net.minecraft.class_3858 [minecraft:plugins/smelting]: me.shedaniel.rei.api.common.transfer.info.simple.SimpleMenuInfoProvider$$Lambda$10162/0x0000000801bc1c40@5a359944
[18:35:23] [main/DEBUG] [REI] Added menu info for class net.minecraft.class_3706 [minecraft:plugins/smoking]: me.shedaniel.rei.api.common.transfer.info.simple.SimpleMenuInfoProvider$$Lambda$10162/0x0000000801bc1c40@45325a58
[18:35:23] [main/DEBUG] [REI] Added menu info for class net.minecraft.class_3705 [minecraft:plugins/blasting]: me.shedaniel.rei.api.common.transfer.info.simple.SimpleMenuInfoProvider$$Lambda$10162/0x0000000801bc1c40@3bfb3493
[18:35:23] [main/TRACE] [REI] [END] Reloading Section: "reloadable-plugin/MenuInfoRegistryImpl/DefaultPlugin of DefaultPlugin [roughlyenoughitems]/" done in 4.396 ms
[18:35:23] [main/TRACE] [REI] [END] Reloading Section: "reloadable-plugin/MenuInfoRegistryImpl/FabricFluidAPISupportPlugin/"
[18:35:23] [main/TRACE] [REI] [END] Reloading Section: "reloadable-plugin/MenuInfoRegistryImpl/FabricFluidAPISupportPlugin/" done in 11.40 μs
[18:35:23] [main/TRACE] [REI] [END] Reloading Section: "reloadable-plugin/MenuInfoRegistryImpl/DefaultRuntimePlugin of DefaultRuntimePlugin [roughlyenoughitems]/"
[18:35:23] [main/TRACE] [REI] [END] Reloading Section: "reloadable-plugin/MenuInfoRegistryImpl/DefaultRuntimePlugin of DefaultRuntimePlugin [roughlyenoughitems]/" done in 14.20 μs
[18:35:23] [main/TRACE] [REI] [END] Reloading Section: "reloadable-plugin/MenuInfoRegistryImpl/" done in 4.755 ms
[18:35:23] [main/TRACE] [REI] [END] Reloading Section: "end-reload/"
[18:35:23] [main/TRACE] [REI] [END] Reloading Section: "end-reload/MenuInfoRegistryImpl/"
[18:35:23] [main/DEBUG] [REI] Registered 4 menu infos
[18:35:23] [main/TRACE] [REI] [END] Reloading Section: "end-reload/MenuInfoRegistryImpl/" done in 35.70 μs
[18:35:23] [main/TRACE] [REI] [END] Reloading Section: "end-reload/" done in 142.5 μs
[18:35:23] [main/TRACE] [REI] [END] Reloading Section: "post-register/"
[18:35:23] [main/TRACE] [REI] [END] Reloading Section: "post-register/DefaultPlugin of DefaultPlugin [roughlyenoughitems]/"
[18:35:23] [main/TRACE] [REI] [END] Reloading Section: "post-register/DefaultPlugin of DefaultPlugin [roughlyenoughitems]/" done in 5.800 μs
[18:35:23] [main/TRACE] [REI] [END] Reloading Section: "post-register/FabricFluidAPISupportPlugin/"
[18:35:23] [main/TRACE] [REI] [END] Reloading Section: "post-register/FabricFluidAPISupportPlugin/" done in 3.200 μs
[18:35:23] [main/TRACE] [REI] [END] Reloading Section: "post-register/DefaultRuntimePlugin of DefaultRuntimePlugin [roughlyenoughitems]/"
[18:35:23] [main/TRACE] [REI] [END] Reloading Section: "post-register/DefaultRuntimePlugin of DefaultRuntimePlugin [roughlyenoughitems]/" done in 2.800 μs
[18:35:23] [main/TRACE] [REI] [END] Reloading Section: "post-register/" done in 109.3 μs
[18:35:23] [main/INFO] [REI] Reloaded Plugin Manager [REIPlugin] with 3 plugins in 29.87 ms.
[18:35:23] [main/TRACE] [REI] [END] Reloading Section: "post-register/"
[18:35:23] [main/TRACE] [REI] [END] Reloading Section: "post-register/DefaultPlugin of DefaultPlugin [roughlyenoughitems]/"
[18:35:23] [main/TRACE] [REI] [END] Reloading Section: "post-register/DefaultPlugin of DefaultPlugin [roughlyenoughitems]/" done in 5.200 μs
[18:35:23] [main/TRACE] [REI] [END] Reloading Section: "post-register/FabricFluidAPISupportPlugin/"
[18:35:23] [main/TRACE] [REI] [END] Reloading Section: "post-register/FabricFluidAPISupportPlugin/" done in 3.400 μs
[18:35:23] [main/TRACE] [REI] [END] Reloading Section: "post-register/DefaultRuntimePlugin of DefaultRuntimePlugin [roughlyenoughitems]/"
[18:35:23] [main/TRACE] [REI] [END] Reloading Section: "post-register/DefaultRuntimePlugin of DefaultRuntimePlugin [roughlyenoughitems]/" done in 6.600 μs
[18:35:23] [main/TRACE] [REI] [END] Reloading Section: "post-register/" done in 200.9 μs
[18:35:23] [main/INFO] [REI] Reloaded Plugin Manager [REIServerPlugin] with 3 plugins in 6.445 ms.
