[12:51:17] [Render thread/DEBUG] [REI] Added filtering rule [roughlyenoughitems:search]: INSTANCE
[12:51:17] [Render thread/DEBUG] [REI] Added filtering rule [roughlyenoughitems:manual]: INSTANCE
[12:51:17] [Render thread/DEBUG] [REI] Added filtering rule [roughlyenoughitems:basic]: INSTANCE
[12:51:17] [Render thread/INFO] [REI] Config loaded
[12:51:17] [Render thread/DEBUG] [REI] Config saved
[12:51:17] [Render thread/INFO] [REI] Registered plugin provider DefaultPlugin [roughlyenoughitems] for REIPlugin
[12:51:17] [Render thread/INFO] [REI] Registered plugin provider DefaultRuntimePlugin [roughlyenoughitems] for REIPlugin
[12:51:17] [Render thread/INFO] [REI] Registered plugin provider REITooltipPlugin [appleskin] for REIPlugin
[12:51:17] [Render thread/INFO] [REI] Registered plugin provider create:rei_plugin [create] for REIPlugin
[12:51:17] [Render thread/INFO] [REI] Registered plugin provider DefaultClientPlugin [roughlyenoughitems] for REIPlugin
[12:51:17] [Render thread/INFO] [REI] Registered plugin provider DefaultClientRuntimePlugin [roughlyenoughitems] for REIPlugin
[12:51:17] [Render thread/INFO] [REI] Registered plugin provider ReiPlugin [techreborn] for REIPlugin
[12:51:17] [Render thread/INFO] [REI] Registered plugin provider ReiRecipeAction [wthit] for REIPlugin
[12:51:17] [Render thread/INFO] [REI] Registered plugin provider DefaultPlugin [roughlyenoughitems] for REIServerPlugin
[12:51:17] [Render thread/INFO] [REI] Registered plugin provider DefaultRuntimePlugin [roughlyenoughitems] for REIServerPlugin
[12:51:17] [Render thread/INFO] [REI] Registered plugin provider FabricFluidAPISupportPlugin for REIServerPlugin
[12:51:17] [Render thread/INFO] [REI] Registered plugin provider FabricFluidAPISupportPlugin for REIPlugin
[12:51:20] [Render thread/INFO] [REI] Registered plugin provider REITooltipPlugin [appleskin] for REIClientPlugin
[12:51:20] [Render thread/INFO] [REI] Registered plugin provider create:rei_plugin [create] for REIClientPlugin
[12:51:20] [Render thread/INFO] [REI] Registered plugin provider DefaultClientPlugin [roughlyenoughitems] for REIClientPlugin
[12:51:20] [Render thread/INFO] [REI] Registered plugin provider DefaultClientRuntimePlugin [roughlyenoughitems] for REIClientPlugin
[12:51:20] [Render thread/INFO] [REI] Registered plugin provider ReiPlugin [techreborn] for REIClientPlugin
[12:51:20] [Render thread/INFO] [REI] Registered plugin provider ReiRecipeAction [wthit] for REIClientPlugin
